{"episode_reward": 0.0, "episode": 1.0, "duration": 332.14539337158203, "step": 500}
{"episode_reward": 0.0, "episode": 2.0, "duration": 21.980960845947266, "step": 1000}
{"episode_reward": 0.0, "episode": 3.0, "batch_reward": 0.0, "critic_loss": 0.005120615912000248, "actor_loss": -1.1072991654512474, "alpha_loss": 0.3136804753241895, "alpha_value": 0.09410515996076471, "duration": 259.06668066978455, "step": 1500}
{"episode_reward": 0.0, "episode": 4.0, "batch_reward": 0.0, "critic_loss": 0.0012324563521542587, "actor_loss": -1.9420192165374757, "alpha_loss": 0.2933291038274765, "alpha_value": 0.08747911268472672, "duration": 110.79195308685303, "step": 2000}
{"episode_reward": 0.0, "episode": 5.0, "batch_reward": 0.0, "critic_loss": 0.001078758528077742, "actor_loss": -2.175718789100647, "alpha_loss": 0.28689988803863525, "alpha_value": 0.08543152678012848, "duration": 114.16021633148193, "step": 2500}
{"episode_reward": 0.0, "episode": 6.0, "batch_reward": 0.1721875, "critic_loss": 0.13398692314536312, "actor_loss": -2.3287300453186037, "alpha_loss": 0.2789070700407028, "alpha_value": 0.08344744282960892, "duration": 116.96530675888062, "step": 3000}
{"episode_reward": 824.0, "episode": 7.0, "batch_reward": 0.3175625, "critic_loss": 0.30154566547833384, "actor_loss": -2.758065993309021, "alpha_loss": 0.27289372658729555, "alpha_value": 0.08152145701646805, "duration": 109.53217053413391, "step": 3500}
{"episode_reward": 255.0, "episode": 8.0, "batch_reward": 0.287, "critic_loss": 0.48496127722412347, "actor_loss": -2.7607145047187807, "alpha_loss": 0.2645211905837059, "alpha_value": 0.07965481716394425, "duration": 107.3249020576477, "step": 4000}
{"episode_reward": 0.0, "episode": 9.0, "batch_reward": 0.252, "critic_loss": 0.8050568216294051, "actor_loss": -3.7566253643035887, "alpha_loss": 0.2594074755311012, "alpha_value": 0.0778404923081398, "duration": 110.12074065208435, "step": 4500}
{"episode_reward": 0.0, "episode": 10.0, "batch_reward": 0.2683125, "critic_loss": 1.4376726187318563, "actor_loss": -4.333442112922668, "alpha_loss": 0.25125151193141937, "alpha_value": 0.07607172858715057, "duration": 137.73714399337769, "step": 5000}
{"episode_reward": 610.0, "episode": 11.0, "batch_reward": 0.32409375, "critic_loss": 1.5002841109335423, "actor_loss": -4.879158142089843, "alpha_loss": 0.23998267793655395, "alpha_value": 0.07437571626901626, "duration": 143.72792887687683, "step": 5500}
{"episode_reward": 15.0, "episode": 12.0, "batch_reward": 0.297265625, "critic_loss": 2.228209477186203, "actor_loss": -5.670554636955261, "alpha_loss": 0.22978107684850693, "alpha_value": 0.07274935528635978, "duration": 148.28916692733765, "step": 6000}
{"episode_reward": 0.0, "episode": 13.0, "batch_reward": 0.352015625, "critic_loss": 3.1651684383153915, "actor_loss": -6.756080049514771, "alpha_loss": 0.21713820588588714, "alpha_value": 0.07118009567260743, "duration": 144.49164485931396, "step": 6500}
{"episode_reward": 1000.0, "episode": 14.0, "batch_reward": 0.478546875, "critic_loss": 2.985261808216572, "actor_loss": -9.474978164672851, "alpha_loss": 0.20458973187208176, "alpha_value": 0.06969958028197289, "duration": 119.05853939056396, "step": 7000}
{"episode_reward": 1000.0, "episode": 15.0, "batch_reward": 0.507484375, "critic_loss": 3.718740139365196, "actor_loss": -11.46431353378296, "alpha_loss": 0.19945265060663223, "alpha_value": 0.06824935027956963, "duration": 111.21175003051758, "step": 7500}
{"episode_reward": 0.0, "episode": 16.0, "batch_reward": 0.481859375, "critic_loss": 4.195858959197998, "actor_loss": -12.859786777496337, "alpha_loss": 0.1926473758816719, "alpha_value": 0.06680193853378295, "duration": 110.63863587379456, "step": 8000}
{"episode_reward": 0.0, "episode": 17.0, "batch_reward": 0.449671875, "critic_loss": 4.0481478000879285, "actor_loss": -13.737002449035645, "alpha_loss": 0.1793793011903763, "alpha_value": 0.06543816912174225, "duration": 108.53324151039124, "step": 8500}
{"episode_reward": 0.0, "episode": 18.0, "batch_reward": 0.419890625, "critic_loss": 4.875547618329525, "actor_loss": -14.542350852966308, "alpha_loss": 0.17673668056726455, "alpha_value": 0.06408380472660065, "duration": 112.38857245445251, "step": 9000}
{"episode_reward": 0.0, "episode": 19.0, "batch_reward": 0.4524375, "critic_loss": 5.948187726974488, "actor_loss": -15.61503598022461, "alpha_loss": 0.1545908652842045, "alpha_value": 0.06279076337814331, "duration": 99.78600215911865, "step": 9500}
{"episode_reward": 1000.0, "episode": 20.0, "batch_reward": 0.4775625, "critic_loss": 5.323610786437988, "actor_loss": -16.288104160308837, "alpha_loss": 0.14069930389523505, "alpha_value": 0.061660376846790314, "duration": 98.47080850601196, "step": 10000}
{"episode_reward": 0.0, "episode": 21.0, "batch_reward": 0.4639375, "critic_loss": 7.0112547014951705, "actor_loss": -16.98225273513794, "alpha_loss": 0.1381574341058731, "alpha_value": 0.060491430670022966, "duration": 104.51125645637512, "step": 10500}
{"episode_reward": 0.0, "episode": 22.0, "batch_reward": 0.4854375, "critic_loss": 8.17201326239109, "actor_loss": -17.552096561431885, "alpha_loss": 0.13321966937184335, "alpha_value": 0.059351068660616874, "duration": 97.7817599773407, "step": 11000}
{"episode_reward": 1000.0, "episode": 23.0, "batch_reward": 0.5145, "critic_loss": 8.40637309217453, "actor_loss": -18.785063213348387, "alpha_loss": 0.12506029590964318, "alpha_value": 0.058207685589790344, "duration": 100.55623650550842, "step": 11500}
{"episode_reward": 0.0, "episode": 24.0, "batch_reward": 0.48940625, "critic_loss": 7.6648102861642835, "actor_loss": -19.8797198677063, "alpha_loss": 0.12436597186326981, "alpha_value": 0.05708821876347065, "duration": 97.71630430221558, "step": 12000}
{"episode_reward": 0.0, "episode": 25.0, "batch_reward": 0.465328125, "critic_loss": 11.411205635547638, "actor_loss": -21.78870537185669, "alpha_loss": 0.11207246938347816, "alpha_value": 0.05598207193613052, "duration": 94.77793312072754, "step": 12500}
{"episode_reward": 0.0, "episode": 26.0, "batch_reward": 0.44334375, "critic_loss": 12.328960668087005, "actor_loss": -23.169362281799316, "alpha_loss": 0.10244676959514618, "alpha_value": 0.054968533083796504, "duration": 99.59619498252869, "step": 13000}
{"episode_reward": 0.0, "episode": 27.0, "batch_reward": 0.4530625, "critic_loss": 10.230634103775024, "actor_loss": -23.493043983459472, "alpha_loss": 0.1025335823893547, "alpha_value": 0.053939775794744495, "duration": 95.59802079200745, "step": 13500}
{"episode_reward": 831.0, "episode": 28.0, "batch_reward": 0.475609375, "critic_loss": 11.160110226631165, "actor_loss": -24.111181411743164, "alpha_loss": 0.09774935093522072, "alpha_value": 0.05290454910695553, "duration": 97.90717077255249, "step": 14000}
{"episode_reward": 0.0, "episode": 29.0, "batch_reward": 0.45184375, "critic_loss": 13.028480661869049, "actor_loss": -24.19862975692749, "alpha_loss": 0.09335230934619904, "alpha_value": 0.051905866652727124, "duration": 103.23926663398743, "step": 14500}
{"episode_reward": 0.0, "episode": 30.0, "batch_reward": 0.441578125, "critic_loss": 11.415197737693786, "actor_loss": -24.33353266143799, "alpha_loss": 0.0981384724676609, "alpha_value": 0.050861058235168455, "duration": 123.78197598457336, "step": 15000}
{"episode_reward": 6.0, "episode": 31.0, "batch_reward": 0.43521875, "critic_loss": 9.685135821580888, "actor_loss": -24.976337753295898, "alpha_loss": 0.0985997460782528, "alpha_value": 0.04976755291223526, "duration": 122.97197794914246, "step": 15500}
{"episode_reward": 76.0, "episode": 32.0, "batch_reward": 0.418328125, "critic_loss": 7.432706522226334, "actor_loss": -25.15422248840332, "alpha_loss": 0.10061321118474006, "alpha_value": 0.048661039128899575, "duration": 97.94653820991516, "step": 16000}
{"episode_reward": 0.0, "episode": 33.0, "batch_reward": 0.40765625, "critic_loss": 9.45826811170578, "actor_loss": -25.14995101928711, "alpha_loss": 0.09448644030094147, "alpha_value": 0.04757571105659008, "duration": 84.00843548774719, "step": 16500}
{"episode_reward": 0.0, "episode": 34.0, "batch_reward": 0.408609375, "critic_loss": 17.180771197319032, "actor_loss": -25.83833627319336, "alpha_loss": 0.08494415692985058, "alpha_value": 0.0465717751532793, "duration": 85.96262049674988, "step": 17000}
{"episode_reward": 723.0, "episode": 35.0, "batch_reward": 0.425921875, "critic_loss": 14.60405006170273, "actor_loss": -26.5266600189209, "alpha_loss": 0.07755467619001866, "alpha_value": 0.045651807770133015, "duration": 84.22174859046936, "step": 17500}
{"episode_reward": 3.0, "episode": 36.0, "batch_reward": 0.414171875, "critic_loss": 17.559266566753386, "actor_loss": -28.354668487548828, "alpha_loss": 0.06714374643564225, "alpha_value": 0.0448237351924181, "duration": 84.75699806213379, "step": 18000}
{"episode_reward": 0.0, "episode": 37.0, "batch_reward": 0.40159375, "critic_loss": 15.438666954517364, "actor_loss": -29.702489097595215, "alpha_loss": 0.06471974317729473, "alpha_value": 0.04402323892712593, "duration": 85.84153938293457, "step": 18500}
{"episode_reward": 0.0, "episode": 38.0, "batch_reward": 0.390296875, "critic_loss": 19.678784443378447, "actor_loss": -29.841281204223634, "alpha_loss": 0.05531552031636238, "alpha_value": 0.04326191899180412, "duration": 84.8653039932251, "step": 19000}
{"episode_reward": 0.0, "episode": 39.0, "batch_reward": 0.3770625, "critic_loss": 19.94569725704193, "actor_loss": -30.099552543640137, "alpha_loss": 0.04831249313801527, "alpha_value": 0.04254975521564484, "duration": 87.24512600898743, "step": 19500}
{"episode_reward": 0.0, "episode": 40.0, "batch_reward": 0.368828125, "critic_loss": 15.65081663799286, "actor_loss": -30.58386572265625, "alpha_loss": 0.045051275491714476, "alpha_value": 0.041921179607510566, "duration": 86.08369207382202, "step": 20000}
{"episode_reward": 58.0, "episode": 41.0, "batch_reward": 0.386921875, "critic_loss": 17.51190643787384, "actor_loss": -30.674772270202638, "alpha_loss": 0.04125988849811256, "alpha_value": 0.04122180317342281, "duration": 87.02697992324829, "step": 20500}
{"episode_reward": 1000.0, "episode": 42.0, "batch_reward": 0.398609375, "critic_loss": 26.393158635616302, "actor_loss": -31.550217155456544, "alpha_loss": 0.027684384962543846, "alpha_value": 0.040719367802143094, "duration": 88.44271492958069, "step": 21000}
{"episode_reward": 14.0, "episode": 43.0, "batch_reward": 0.398359375, "critic_loss": 20.57440215778351, "actor_loss": -32.55786447906494, "alpha_loss": 0.02208729074150324, "alpha_value": 0.04029065631330013, "duration": 85.3921115398407, "step": 21500}
{"episode_reward": 0.0, "episode": 44.0, "batch_reward": 0.389140625, "critic_loss": 16.625033485412597, "actor_loss": -33.19869518280029, "alpha_loss": 0.025680576906073838, "alpha_value": 0.03984196364879608, "duration": 84.19992518424988, "step": 22000}
{"episode_reward": 0.0, "episode": 45.0, "batch_reward": 0.379296875, "critic_loss": 15.673534680843353, "actor_loss": -34.18169594573975, "alpha_loss": 0.02731716147158295, "alpha_value": 0.03928776746988297, "duration": 85.90111112594604, "step": 22500}
{"episode_reward": 0.0, "episode": 46.0, "batch_reward": 0.367015625, "critic_loss": 23.64981967163086, "actor_loss": -33.816792861938474, "alpha_loss": 0.023777250202838333, "alpha_value": 0.038732366487383846, "duration": 86.00565576553345, "step": 23000}
{"episode_reward": 0.0, "episode": 47.0, "batch_reward": 0.35996875, "critic_loss": 18.338496562957765, "actor_loss": -34.451676933288574, "alpha_loss": 0.025483755104709415, "alpha_value": 0.03821133403480053, "duration": 84.39359617233276, "step": 23500}
{"episode_reward": 0.0, "episode": 48.0, "batch_reward": 0.35503125, "critic_loss": 21.979606524467467, "actor_loss": -35.385088874816894, "alpha_loss": 0.022040906077250837, "alpha_value": 0.03760634216666221, "duration": 85.09993267059326, "step": 24000}
{"episode_reward": 0.0, "episode": 49.0, "batch_reward": 0.34784375, "critic_loss": 21.41309398841858, "actor_loss": -36.04417929840088, "alpha_loss": 0.021196821657940745, "alpha_value": 0.03705110628902912, "duration": 85.49042391777039, "step": 24500}
{"episode_reward": 0.0, "episode": 50.0, "batch_reward": 0.358875, "critic_loss": 22.215140624046327, "actor_loss": -37.43707524108887, "alpha_loss": 0.02132511360105127, "alpha_value": 0.03651403671503067, "duration": 86.25774812698364, "step": 25000}
{"episode_reward": 991.0, "episode": 51.0, "batch_reward": 0.37459375, "critic_loss": 22.827386756896974, "actor_loss": -38.89868853759766, "alpha_loss": 0.020363593018613756, "alpha_value": 0.03588710676133633, "duration": 86.99115443229675, "step": 25500}
{"episode_reward": 0.0, "episode": 52.0, "batch_reward": 0.3780625, "critic_loss": 16.005998739242553, "actor_loss": -39.28997928619385, "alpha_loss": 0.020454040732234717, "alpha_value": 0.03529411281645298, "duration": 87.40431952476501, "step": 26000}
{"episode_reward": 812.0, "episode": 53.0, "batch_reward": 0.39184375, "critic_loss": 18.52356759262085, "actor_loss": -39.35348448181152, "alpha_loss": 0.019391754768323152, "alpha_value": 0.03466044797003269, "duration": 85.7823760509491, "step": 26500}
{"episode_reward": 0.0, "episode": 54.0, "batch_reward": 0.3875, "critic_loss": 20.86787004375458, "actor_loss": -39.42793924713135, "alpha_loss": 0.020924225487047806, "alpha_value": 0.03403959979116917, "duration": 84.72995495796204, "step": 27000}
{"episode_reward": 589.0, "episode": 55.0, "batch_reward": 0.397796875, "critic_loss": 23.75289766407013, "actor_loss": -39.746087013244626, "alpha_loss": 0.01258417399181053, "alpha_value": 0.033446592599153516, "duration": 85.39523124694824, "step": 27500}
{"episode_reward": 0.0, "episode": 56.0, "batch_reward": 0.39046875, "critic_loss": 39.04585006904602, "actor_loss": -40.43460282897949, "alpha_loss": 0.007101693865843117, "alpha_value": 0.033195916458964345, "duration": 84.26711559295654, "step": 28000}
{"episode_reward": 0.0, "episode": 57.0, "batch_reward": 0.380125, "critic_loss": 28.03486345386505, "actor_loss": -40.32999968719482, "alpha_loss": 0.018376379590947182, "alpha_value": 0.03268465293943882, "duration": 85.4145131111145, "step": 28500}
{"episode_reward": 0.0, "episode": 58.0, "batch_reward": 0.382453125, "critic_loss": 31.866831204414368, "actor_loss": -42.33335229492187, "alpha_loss": 0.013652192853624002, "alpha_value": 0.03212803952395916, "duration": 85.63403606414795, "step": 29000}
{"episode_reward": 0.0, "episode": 59.0, "batch_reward": 0.371484375, "critic_loss": 20.983321281433106, "actor_loss": -43.44591355895996, "alpha_loss": 0.016843168468680232, "alpha_value": 0.03152841254323721, "duration": 86.82982540130615, "step": 29500}
{"episode_reward": 0.0, "episode": 60.0, "batch_reward": 0.3794375, "critic_loss": 20.166105958461763, "actor_loss": -42.84499150085449, "alpha_loss": 0.013057880735490471, "alpha_value": 0.03094999250769615, "duration": 84.71743512153625, "step": 30000}
{"episode_reward": 986.0, "episode": 61.0, "batch_reward": 0.393234375, "critic_loss": 18.007430156707763, "actor_loss": -42.54898469543457, "alpha_loss": 0.0080876185472589, "alpha_value": 0.030543159380555154, "duration": 85.73177433013916, "step": 30500}
{"episode_reward": 0.0, "episode": 62.0, "batch_reward": 0.3956875, "critic_loss": 33.70614517879486, "actor_loss": -42.312700660705566, "alpha_loss": 0.0013878073273226618, "alpha_value": 0.030333690136671067, "duration": 83.05712008476257, "step": 31000}
{"episode_reward": 1000.0, "episode": 63.0, "batch_reward": 0.404890625, "critic_loss": 16.421179671287536, "actor_loss": -42.29069297027588, "alpha_loss": 0.003646779312286526, "alpha_value": 0.030241998843848705, "duration": 84.94391226768494, "step": 31500}
{"episode_reward": 0.0, "episode": 64.0, "batch_reward": 0.403640625, "critic_loss": 18.326803228378296, "actor_loss": -43.139406524658206, "alpha_loss": 0.0008173834360204637, "alpha_value": 0.030104915142059326, "duration": 83.57610607147217, "step": 32000}
{"episode_reward": 0.0, "episode": 65.0, "batch_reward": 0.416578125, "critic_loss": 29.66304024410248, "actor_loss": -44.38077423095703, "alpha_loss": -0.0005210495402570814, "alpha_value": 0.030110606625676155, "duration": 85.70470905303955, "step": 32500}
{"episode_reward": 978.0, "episode": 66.0, "batch_reward": 0.422734375, "critic_loss": 21.457240828990937, "actor_loss": -45.95186383056641, "alpha_loss": -0.0025506981357466428, "alpha_value": 0.030235173240303993, "duration": 86.54445219039917, "step": 33000}
{"episode_reward": 0.0, "episode": 67.0, "batch_reward": 0.429015625, "critic_loss": 19.999608530044554, "actor_loss": -47.59467974853516, "alpha_loss": -0.0025269150279927997, "alpha_value": 0.030353548750281335, "duration": 86.41208267211914, "step": 33500}
{"episode_reward": 846.0, "episode": 68.0, "batch_reward": 0.42990625, "critic_loss": 33.75846078777313, "actor_loss": -47.210242462158206, "alpha_loss": -0.006565146706765518, "alpha_value": 0.030631202004849912, "duration": 84.17973208427429, "step": 34000}
{"episode_reward": 0.0, "episode": 69.0, "batch_reward": 0.440734375, "critic_loss": 29.221962795257568, "actor_loss": -48.31070021057129, "alpha_loss": -0.0023088172341231257, "alpha_value": 0.03094991084933281, "duration": 87.09406423568726, "step": 34500}
{"episode_reward": 1000.0, "episode": 70.0, "batch_reward": 0.449625, "critic_loss": 22.733535842895506, "actor_loss": -49.89222993469238, "alpha_loss": -0.005622030542464927, "alpha_value": 0.03130033079534769, "duration": 85.67166423797607, "step": 35000}
{"episode_reward": 0.0, "episode": 71.0, "batch_reward": 0.444046875, "critic_loss": 34.72817698287964, "actor_loss": -49.59235725402832, "alpha_loss": -0.009072685935534537, "alpha_value": 0.031705118909478185, "duration": 86.3091356754303, "step": 35500}
{"episode_reward": 502.0, "episode": 72.0, "batch_reward": 0.454328125, "critic_loss": 30.548785202980042, "actor_loss": -50.4120438079834, "alpha_loss": -0.012287948702462017, "alpha_value": 0.032553152590990064, "duration": 87.44050240516663, "step": 36000}
{"episode_reward": 0.0, "episode": 73.0, "batch_reward": 0.44484375, "critic_loss": 25.895563103675844, "actor_loss": -50.04632768249512, "alpha_loss": -0.01045013718190603, "alpha_value": 0.03326395651698112, "duration": 86.06033396720886, "step": 36500}
{"episode_reward": 0.0, "episode": 74.0, "batch_reward": 0.43834375, "critic_loss": 35.27920841884613, "actor_loss": -50.50157681274414, "alpha_loss": -0.013560092809144407, "alpha_value": 0.03406746514141559, "duration": 87.30470895767212, "step": 37000}
{"episode_reward": 0.0, "episode": 75.0, "batch_reward": 0.4354375, "critic_loss": 47.25119836425781, "actor_loss": -51.46319030761719, "alpha_loss": -0.015525407508481293, "alpha_value": 0.03502618177235126, "duration": 85.81832456588745, "step": 37500}
{"episode_reward": 0.0, "episode": 76.0, "batch_reward": 0.4269375, "critic_loss": 30.79292834186554, "actor_loss": -51.716590393066404, "alpha_loss": -0.0057961183867882935, "alpha_value": 0.035657534644007685, "duration": 87.75821232795715, "step": 38000}
{"episode_reward": 0.0, "episode": 77.0, "batch_reward": 0.424203125, "critic_loss": 20.341835762023926, "actor_loss": -51.50062725830078, "alpha_loss": -0.0012865115622989834, "alpha_value": 0.0358718553930521, "duration": 89.55491328239441, "step": 38500}
{"episode_reward": 0.0, "episode": 78.0, "batch_reward": 0.4176875, "critic_loss": 25.040007822990418, "actor_loss": -51.868003036499026, "alpha_loss": 0.0015001840428449213, "alpha_value": 0.03578695385158062, "duration": 85.41463112831116, "step": 39000}
{"episode_reward": 0.0, "episode": 79.0, "batch_reward": 0.4168125, "critic_loss": 33.48710566234588, "actor_loss": -52.88297787475586, "alpha_loss": -0.002121032059425488, "alpha_value": 0.03586656542122364, "duration": 88.86830353736877, "step": 39500}
{"episode_reward": 0.0, "episode": 80.0, "batch_reward": 0.40596875, "critic_loss": 33.76467183876038, "actor_loss": -52.94831411743164, "alpha_loss": 0.00227458502817899, "alpha_value": 0.03584119458496571, "duration": 87.87231040000916, "step": 40000}
{"episode_reward": 0.0, "episode": 81.0, "batch_reward": 0.40996875, "critic_loss": 29.58339783477783, "actor_loss": -54.0387198638916, "alpha_loss": -3.072125371545553e-05, "alpha_value": 0.03578072072565556, "duration": 88.27055811882019, "step": 40500}
{"episode_reward": 1000.0, "episode": 82.0, "batch_reward": 0.4251875, "critic_loss": 34.80723054981232, "actor_loss": -55.41432536315918, "alpha_loss": -0.0027909004697576167, "alpha_value": 0.03584092548489571, "duration": 87.58270859718323, "step": 41000}
{"episode_reward": 0.0, "episode": 83.0, "batch_reward": 0.426265625, "critic_loss": 40.40766780090332, "actor_loss": -55.90726011657715, "alpha_loss": -0.0028233725880272686, "alpha_value": 0.036133883699774744, "duration": 87.71803450584412, "step": 41500}
{"episode_reward": 1000.0, "episode": 84.0, "batch_reward": 0.434875, "critic_loss": 32.71150220394134, "actor_loss": -57.06852334594726, "alpha_loss": 0.0003060745848342776, "alpha_value": 0.036193883419036864, "duration": 84.23992824554443, "step": 42000}
{"episode_reward": 0.0, "episode": 85.0, "batch_reward": 0.426359375, "critic_loss": 31.860639330863954, "actor_loss": -57.53542419433594, "alpha_loss": -0.0007759691583923995, "alpha_value": 0.036263186171650884, "duration": 86.25895547866821, "step": 42500}
{"episode_reward": 0.0, "episode": 86.0, "batch_reward": 0.426484375, "critic_loss": 30.189896210670472, "actor_loss": -57.63297030639649, "alpha_loss": 0.00028422082448378204, "alpha_value": 0.0363014245480299, "duration": 89.41468071937561, "step": 43000}
{"episode_reward": 616.0, "episode": 87.0, "batch_reward": 0.434890625, "critic_loss": 30.66902883052826, "actor_loss": -56.75394422912598, "alpha_loss": 0.0020036753355525436, "alpha_value": 0.036122572675347325, "duration": 86.4920814037323, "step": 43500}
{"episode_reward": 0.0, "episode": 88.0, "batch_reward": 0.42440625, "critic_loss": 31.5745147190094, "actor_loss": -57.74562503051758, "alpha_loss": 0.003361890837550163, "alpha_value": 0.03592080652713776, "duration": 89.96784138679504, "step": 44000}
{"episode_reward": 0.0, "episode": 89.0, "batch_reward": 0.426765625, "critic_loss": 32.71056427001953, "actor_loss": -58.48017959594726, "alpha_loss": 0.00013403634680435062, "alpha_value": 0.03573009704053402, "duration": 88.795569896698, "step": 44500}
{"episode_reward": 669.0, "episode": 90.0, "batch_reward": 0.427609375, "critic_loss": 43.455202774047855, "actor_loss": -58.47572909545899, "alpha_loss": -0.003941281036706642, "alpha_value": 0.03588493995368481, "duration": 87.73449850082397, "step": 45000}
{"episode_reward": 5.0, "episode": 91.0, "batch_reward": 0.430984375, "critic_loss": 32.421051045417784, "actor_loss": -59.02156620788574, "alpha_loss": 4.517293605022132e-05, "alpha_value": 0.03618998984992504, "duration": 87.3636531829834, "step": 45500}
{"episode_reward": 11.0, "episode": 92.0, "batch_reward": 0.420515625, "critic_loss": 29.513705452919005, "actor_loss": -59.310389678955076, "alpha_loss": 0.0009470566939562559, "alpha_value": 0.03609192202985287, "duration": 87.87538528442383, "step": 46000}
{"episode_reward": 0.0, "episode": 93.0, "batch_reward": 0.41703125, "critic_loss": 22.669631836891174, "actor_loss": -59.18753706359863, "alpha_loss": 0.000768267770530656, "alpha_value": 0.03595545750856399, "duration": 86.19874596595764, "step": 46500}
{"episode_reward": 0.0, "episode": 94.0, "batch_reward": 0.42625, "critic_loss": 25.12408959197998, "actor_loss": -59.485933700561525, "alpha_loss": 0.0021766186358872803, "alpha_value": 0.03580228021740913, "duration": 87.31131768226624, "step": 47000}
{"episode_reward": 1000.0, "episode": 95.0, "batch_reward": 0.43496875, "critic_loss": 37.73708974456787, "actor_loss": -60.896595413208004, "alpha_loss": -0.007763718888862059, "alpha_value": 0.03609868623316288, "duration": 88.07628965377808, "step": 47500}
{"episode_reward": 0.0, "episode": 96.0, "batch_reward": 0.425859375, "critic_loss": 37.90551947402954, "actor_loss": -60.79823976135254, "alpha_loss": -0.0034456800874322654, "alpha_value": 0.03663827204704285, "duration": 89.92015385627747, "step": 48000}
{"episode_reward": 3.0, "episode": 97.0, "batch_reward": 0.4321875, "critic_loss": 28.921825918197634, "actor_loss": -61.71493962097168, "alpha_loss": 0.004008113244082779, "alpha_value": 0.03664869114756584, "duration": 88.293532371521, "step": 48500}
{"episode_reward": 1000.0, "episode": 98.0, "batch_reward": 0.43378125, "critic_loss": 26.570033809661865, "actor_loss": -62.98067778015137, "alpha_loss": 0.004418905219994485, "alpha_value": 0.03622891342639923, "duration": 84.35122561454773, "step": 49000}
{"episode_reward": 0.0, "episode": 99.0, "batch_reward": 0.434953125, "critic_loss": 33.739196467399594, "actor_loss": -62.883613845825195, "alpha_loss": 0.004610890906769782, "alpha_value": 0.035723969385027886, "duration": 89.71059703826904, "step": 49500}
{"episode_reward": 48.0, "episode": 100.0, "batch_reward": 0.430296875, "critic_loss": 30.169320976257325, "actor_loss": -63.20488363647461, "alpha_loss": -0.0027128441140521317, "alpha_value": 0.03579420673847199, "duration": 89.2546033859253, "step": 50000}
{"episode_reward": 0.0, "episode": 101.0, "batch_reward": 0.42496875, "critic_loss": 33.907264790534974, "actor_loss": -64.17534754943847, "alpha_loss": -8.272993401624262e-05, "alpha_value": 0.035819688752293584, "duration": 87.70917797088623, "step": 50500}
{"episode_reward": 0.0, "episode": 102.0, "batch_reward": 0.4290625, "critic_loss": 32.09304285430908, "actor_loss": -65.35416752624512, "alpha_loss": 0.002692742309998721, "alpha_value": 0.03572042070329189, "duration": 88.72731947898865, "step": 51000}
{"episode_reward": 0.0, "episode": 103.0, "batch_reward": 0.428984375, "critic_loss": 36.556024591445926, "actor_loss": -65.83617869567871, "alpha_loss": 0.004438374296296388, "alpha_value": 0.03540030154585838, "duration": 87.21956372261047, "step": 51500}
{"episode_reward": 1000.0, "episode": 104.0, "batch_reward": 0.433125, "critic_loss": 28.954940958023073, "actor_loss": -65.55771565246582, "alpha_loss": 0.004764194953488186, "alpha_value": 0.03490830984711647, "duration": 88.0577597618103, "step": 52000}
{"episode_reward": 0.0, "episode": 105.0, "batch_reward": 0.427921875, "critic_loss": 32.95669140148163, "actor_loss": -65.97405657958984, "alpha_loss": 0.005575384310213849, "alpha_value": 0.03446468208730221, "duration": 88.22593069076538, "step": 52500}
{"episode_reward": 0.0, "episode": 106.0, "batch_reward": 0.43234375, "critic_loss": 42.01499773788452, "actor_loss": -67.17915367126464, "alpha_loss": 0.0016892875081393867, "alpha_value": 0.03405108048021793, "duration": 86.30001068115234, "step": 53000}
{"episode_reward": 971.0, "episode": 107.0, "batch_reward": 0.436265625, "critic_loss": 37.931800614356995, "actor_loss": -67.60359771728515, "alpha_loss": 0.003329705376876518, "alpha_value": 0.033935314103960994, "duration": 87.20341444015503, "step": 53500}
{"episode_reward": 0.0, "episode": 108.0, "batch_reward": 0.4458125, "critic_loss": 63.71698937606811, "actor_loss": -67.28700550842285, "alpha_loss": 0.0020242585223168136, "alpha_value": 0.03367544351518154, "duration": 85.81443619728088, "step": 54000}
{"episode_reward": 985.0, "episode": 109.0, "batch_reward": 0.457125, "critic_loss": 45.66770391464233, "actor_loss": -67.10383857727051, "alpha_loss": -0.0017878560514654964, "alpha_value": 0.033657572239637376, "duration": 91.85893535614014, "step": 54500}
{"episode_reward": 152.0, "episode": 110.0, "batch_reward": 0.45059375, "critic_loss": 42.41158190155029, "actor_loss": -67.17483503723145, "alpha_loss": -0.0014604511871002615, "alpha_value": 0.03375339896976948, "duration": 89.42078137397766, "step": 55000}
{"episode_reward": 0.0, "episode": 111.0, "batch_reward": 0.453578125, "critic_loss": 41.200672651290894, "actor_loss": -67.48598483276368, "alpha_loss": -0.0037080364152789116, "alpha_value": 0.03405177563428879, "duration": 91.60646963119507, "step": 55500}
{"episode_reward": 989.0, "episode": 112.0, "batch_reward": 0.461984375, "critic_loss": 53.49017186164856, "actor_loss": -67.37648533630372, "alpha_loss": -0.005504083779174835, "alpha_value": 0.0344561076015234, "duration": 89.41456270217896, "step": 56000}
{"episode_reward": 497.0, "episode": 113.0, "batch_reward": 0.47328125, "critic_loss": 48.23480452537537, "actor_loss": -67.56511041259766, "alpha_loss": -0.003976885274518281, "alpha_value": 0.03492292906343937, "duration": 91.58039450645447, "step": 56500}
{"episode_reward": 901.0, "episode": 114.0, "batch_reward": 0.484625, "critic_loss": 43.39217728996277, "actor_loss": -68.05456414794922, "alpha_loss": -0.00398060919251293, "alpha_value": 0.03533432674407959, "duration": 92.85426211357117, "step": 57000}
{"episode_reward": 656.0, "episode": 115.0, "batch_reward": 0.48603125, "critic_loss": 42.58695570755005, "actor_loss": -67.51226715087891, "alpha_loss": -0.005206763759255409, "alpha_value": 0.035698656663298606, "duration": 89.53529405593872, "step": 57500}
{"episode_reward": 804.0, "episode": 116.0, "batch_reward": 0.491375, "critic_loss": 42.23904582595825, "actor_loss": -68.17845738220215, "alpha_loss": -0.006997035259846598, "alpha_value": 0.03629089607298374, "duration": 87.147625207901, "step": 58000}
{"episode_reward": 0.0, "episode": 117.0, "batch_reward": 0.493875, "critic_loss": 44.663512640953066, "actor_loss": -67.66269149780274, "alpha_loss": -0.005164038399234414, "alpha_value": 0.03676696574687958, "duration": 86.71784090995789, "step": 58500}
{"episode_reward": 1000.0, "episode": 118.0, "batch_reward": 0.4989375, "critic_loss": 41.686949449539185, "actor_loss": -68.66702108764649, "alpha_loss": -0.006267992161214352, "alpha_value": 0.037368637546896934, "duration": 87.6807119846344, "step": 59000}
{"episode_reward": 0.0, "episode": 119.0, "batch_reward": 0.492296875, "critic_loss": 46.73041208553314, "actor_loss": -68.3495770111084, "alpha_loss": -0.0057049831508193165, "alpha_value": 0.03792628738284111, "duration": 86.071524143219, "step": 59500}
{"episode_reward": 0.0, "episode": 120.0, "batch_reward": 0.495203125, "critic_loss": 45.11525850105286, "actor_loss": -68.26553225708008, "alpha_loss": -0.010938899311469867, "alpha_value": 0.03867216494679451, "duration": 87.95089292526245, "step": 60000}
{"episode_reward": 0.0, "episode": 121.0, "batch_reward": 0.4875, "critic_loss": 37.95935054779053, "actor_loss": -69.14001344299317, "alpha_loss": -0.00538246402144432, "alpha_value": 0.039449426546692846, "duration": 86.64506363868713, "step": 60500}
{"episode_reward": 0.0, "episode": 122.0, "batch_reward": 0.479375, "critic_loss": 38.7373456363678, "actor_loss": -68.92174456787109, "alpha_loss": 0.0005066518564708531, "alpha_value": 0.039672951117157934, "duration": 87.18356704711914, "step": 61000}
{"episode_reward": 0.0, "episode": 123.0, "batch_reward": 0.48365625, "critic_loss": 43.88757870101929, "actor_loss": -69.70212783813477, "alpha_loss": -0.00038530944753438235, "alpha_value": 0.03962326055765152, "duration": 89.508465051651, "step": 61500}
{"episode_reward": 0.0, "episode": 124.0, "batch_reward": 0.489234375, "critic_loss": 56.519659948349, "actor_loss": -68.91281832885743, "alpha_loss": 0.0003442910993471742, "alpha_value": 0.03963473416864872, "duration": 87.36220645904541, "step": 62000}
{"episode_reward": 970.0, "episode": 125.0, "batch_reward": 0.4865, "critic_loss": 45.902289043426514, "actor_loss": -68.5186828918457, "alpha_loss": -0.0010765292858704925, "alpha_value": 0.03968175578117371, "duration": 88.48135685920715, "step": 62500}
{"episode_reward": 640.0, "episode": 126.0, "batch_reward": 0.49465625, "critic_loss": 44.60329577636719, "actor_loss": -69.2315908203125, "alpha_loss": 4.3574689887464044e-05, "alpha_value": 0.03972505131363869, "duration": 88.32667231559753, "step": 63000}
{"episode_reward": 0.0, "episode": 127.0, "batch_reward": 0.489828125, "critic_loss": 37.44158496761322, "actor_loss": -68.16838244628906, "alpha_loss": 0.0021591610540635884, "alpha_value": 0.03962676122784615, "duration": 87.88279461860657, "step": 63500}
{"episode_reward": 87.0, "episode": 128.0, "batch_reward": 0.48996875, "critic_loss": 43.55156286239624, "actor_loss": -68.85073797607421, "alpha_loss": -0.0028719699359498916, "alpha_value": 0.03954804049432278, "duration": 88.62306642532349, "step": 64000}
{"episode_reward": 0.0, "episode": 129.0, "batch_reward": 0.491640625, "critic_loss": 55.53501401519775, "actor_loss": -69.45954388427734, "alpha_loss": -0.0026467861239798367, "alpha_value": 0.040021734416484836, "duration": 88.132155418396, "step": 64500}
{"episode_reward": 77.0, "episode": 130.0, "batch_reward": 0.489484375, "critic_loss": 45.95808959770203, "actor_loss": -69.30929518127441, "alpha_loss": -0.0023570011749397962, "alpha_value": 0.04015543942153454, "duration": 88.26716232299805, "step": 65000}
{"episode_reward": 0.0, "episode": 131.0, "batch_reward": 0.4789375, "critic_loss": 48.217488552093506, "actor_loss": -69.0507918548584, "alpha_loss": -0.004636825171997771, "alpha_value": 0.040500493735075, "duration": 86.22661113739014, "step": 65500}
{"episode_reward": 177.0, "episode": 132.0, "batch_reward": 0.4804375, "critic_loss": 56.925353271484376, "actor_loss": -69.96653652954102, "alpha_loss": -0.0054199055153876545, "alpha_value": 0.04095037765800953, "duration": 87.23100876808167, "step": 66000}
{"episode_reward": 0.0, "episode": 133.0, "batch_reward": 0.47434375, "critic_loss": 40.83794735145569, "actor_loss": -69.16336877441407, "alpha_loss": -0.006821431254735217, "alpha_value": 0.04153635640442371, "duration": 87.2009847164154, "step": 66500}
{"episode_reward": 0.0, "episode": 134.0, "batch_reward": 0.476375, "critic_loss": 48.18813515853882, "actor_loss": -69.60606118774415, "alpha_loss": -0.0016099125824403017, "alpha_value": 0.04197380192577839, "duration": 86.6433732509613, "step": 67000}
{"episode_reward": 0.0, "episode": 135.0, "batch_reward": 0.47015625, "critic_loss": 45.32823253440857, "actor_loss": -68.92203663635254, "alpha_loss": 0.0021762610068544745, "alpha_value": 0.04199572232365608, "duration": 87.33869624137878, "step": 67500}
{"episode_reward": 714.0, "episode": 136.0, "batch_reward": 0.47084375, "critic_loss": 38.20207481575012, "actor_loss": -68.46718829345703, "alpha_loss": 0.0014621179692912846, "alpha_value": 0.041724563717842104, "duration": 87.69745206832886, "step": 68000}
{"episode_reward": 0.0, "episode": 137.0, "batch_reward": 0.46584375, "critic_loss": 51.6651358165741, "actor_loss": -70.04870468139649, "alpha_loss": -0.001516013996908441, "alpha_value": 0.04179789407551288, "duration": 87.48712491989136, "step": 68500}
{"episode_reward": 0.0, "episode": 138.0, "batch_reward": 0.4699375, "critic_loss": 53.737225231170655, "actor_loss": -70.64332864379882, "alpha_loss": 0.0032858417043462396, "alpha_value": 0.0416645720154047, "duration": 91.19880080223083, "step": 69000}
{"episode_reward": 0.0, "episode": 139.0, "batch_reward": 0.46040625, "critic_loss": 55.87907295417786, "actor_loss": -71.08624290466308, "alpha_loss": -0.002240290126763284, "alpha_value": 0.04165719401836395, "duration": 87.77338552474976, "step": 69500}
{"episode_reward": 56.0, "episode": 140.0, "batch_reward": 0.4555, "critic_loss": 55.897848987579344, "actor_loss": -70.12068133544922, "alpha_loss": -0.002586891386657953, "alpha_value": 0.04191631335020065, "duration": 89.65690612792969, "step": 70000}
{"episode_reward": 0.0, "episode": 141.0, "batch_reward": 0.457578125, "critic_loss": 47.817317373275756, "actor_loss": -71.09117329406739, "alpha_loss": 0.0013046132205054165, "alpha_value": 0.04196548755466938, "duration": 88.2452404499054, "step": 70500}
{"episode_reward": 2.0, "episode": 142.0, "batch_reward": 0.454046875, "critic_loss": 53.69684632492066, "actor_loss": -71.4844349975586, "alpha_loss": -0.0020545289642177524, "alpha_value": 0.0418910553753376, "duration": 88.21995854377747, "step": 71000}
{"episode_reward": 0.0, "episode": 143.0, "batch_reward": 0.452890625, "critic_loss": 45.17044109916687, "actor_loss": -70.99261419677734, "alpha_loss": -0.0030774521357379856, "alpha_value": 0.04225539410114288, "duration": 96.20225071907043, "step": 71500}
{"episode_reward": 735.0, "episode": 144.0, "batch_reward": 0.461625, "critic_loss": 60.34682934761047, "actor_loss": -72.06889765930175, "alpha_loss": 0.002274517045356333, "alpha_value": 0.04228510321676731, "duration": 94.4065728187561, "step": 72000}
{"episode_reward": 0.0, "episode": 145.0, "batch_reward": 0.45403125, "critic_loss": 47.15318277740479, "actor_loss": -71.60656547546387, "alpha_loss": -2.6859903940930962e-05, "alpha_value": 0.042097468227148056, "duration": 92.84741473197937, "step": 72500}
{"episode_reward": 0.0, "episode": 146.0, "batch_reward": 0.453109375, "critic_loss": 47.66559923362732, "actor_loss": -72.31758908081055, "alpha_loss": -0.005243946340400726, "alpha_value": 0.04233169284462929, "duration": 93.75247263908386, "step": 73000}
{"episode_reward": 0.0, "episode": 147.0, "batch_reward": 0.452765625, "critic_loss": 44.9766279296875, "actor_loss": -71.6951416015625, "alpha_loss": -0.0009361728291260078, "alpha_value": 0.042738378673791884, "duration": 91.92441582679749, "step": 73500}
{"episode_reward": 977.0, "episode": 148.0, "batch_reward": 0.462859375, "critic_loss": 44.20821359443664, "actor_loss": -72.5634931640625, "alpha_loss": -0.0004151380360126495, "alpha_value": 0.04274314169585705, "duration": 95.29562449455261, "step": 74000}
{"episode_reward": 0.0, "episode": 149.0, "batch_reward": 0.47071875, "critic_loss": 50.9163593082428, "actor_loss": -74.03586322021485, "alpha_loss": 0.005321780392667279, "alpha_value": 0.04261153382062912, "duration": 93.84258651733398, "step": 74500}
{"episode_reward": 998.0, "episode": 150.0, "batch_reward": 0.460484375, "critic_loss": 56.655489683151245, "actor_loss": -73.68205317687988, "alpha_loss": -0.002525580980349332, "alpha_value": 0.04239442187547684, "duration": 95.14691400527954, "step": 75000}
{"episode_reward": 0.0, "episode": 151.0, "batch_reward": 0.460625, "critic_loss": 46.167916704177856, "actor_loss": -74.49840365600586, "alpha_loss": 0.0006758215753361582, "alpha_value": 0.04241229443252087, "duration": 98.01605868339539, "step": 75500}
{"episode_reward": 0.0, "episode": 152.0, "batch_reward": 0.46209375, "critic_loss": 64.90030752944946, "actor_loss": -74.38072653198242, "alpha_loss": -0.003446730558294803, "alpha_value": 0.04259826646745205, "duration": 93.73755598068237, "step": 76000}
{"episode_reward": 0.0, "episode": 153.0, "batch_reward": 0.464578125, "critic_loss": 44.69753746795654, "actor_loss": -74.2657551574707, "alpha_loss": -0.0035336182333994656, "alpha_value": 0.04295494239032269, "duration": 94.9276819229126, "step": 76500}
{"episode_reward": 838.0, "episode": 154.0, "batch_reward": 0.460640625, "critic_loss": 45.80287463569641, "actor_loss": -73.64660336303712, "alpha_loss": -0.002461811939254403, "alpha_value": 0.04341315245628357, "duration": 97.0338454246521, "step": 77000}
{"episode_reward": 0.0, "episode": 155.0, "batch_reward": 0.4635, "critic_loss": 62.237134860992434, "actor_loss": -73.14188911437988, "alpha_loss": -0.0008060464821755886, "alpha_value": 0.04356736817955971, "duration": 95.8128969669342, "step": 77500}
{"episode_reward": 574.0, "episode": 156.0, "batch_reward": 0.46571875, "critic_loss": 55.171949661254885, "actor_loss": -74.27835127258301, "alpha_loss": -0.0022048028935678305, "alpha_value": 0.04366426335275173, "duration": 98.64192485809326, "step": 78000}
{"episode_reward": 0.0, "episode": 157.0, "batch_reward": 0.469515625, "critic_loss": 40.076980400085446, "actor_loss": -75.32928950500488, "alpha_loss": -0.004232588461600244, "alpha_value": 0.0440038516074419, "duration": 98.65476608276367, "step": 78500}
{"episode_reward": 1000.0, "episode": 158.0, "batch_reward": 0.475125, "critic_loss": 43.870920570373535, "actor_loss": -74.77127488708496, "alpha_loss": -0.0027129634337034075, "alpha_value": 0.04434648498892784, "duration": 97.13159513473511, "step": 79000}
{"episode_reward": 0.0, "episode": 159.0, "batch_reward": 0.47115625, "critic_loss": 47.66964880752563, "actor_loss": -75.36318910217285, "alpha_loss": -0.002677585298893973, "alpha_value": 0.044545637488365174, "duration": 97.43183469772339, "step": 79500}
{"episode_reward": 0.0, "episode": 160.0, "batch_reward": 0.47059375, "critic_loss": 44.3079944190979, "actor_loss": -76.57404992675781, "alpha_loss": 0.0002287523995619267, "alpha_value": 0.044757377982139586, "duration": 94.67385005950928, "step": 80000}
{"episode_reward": 0.0, "episode": 161.0, "batch_reward": 0.46425, "critic_loss": 48.85401062774658, "actor_loss": -77.38135485839844, "alpha_loss": -0.00406857448653318, "alpha_value": 0.044855062201619146, "duration": 95.04481434822083, "step": 80500}
{"episode_reward": 0.0, "episode": 162.0, "batch_reward": 0.45796875, "critic_loss": 41.67316043663025, "actor_loss": -76.1954030456543, "alpha_loss": -0.009003272858448326, "alpha_value": 0.04560857443511486, "duration": 96.0314474105835, "step": 81000}
{"episode_reward": 0.0, "episode": 163.0, "batch_reward": 0.45615625, "critic_loss": 38.59666044425964, "actor_loss": -76.57986935424805, "alpha_loss": 0.0003256361389067024, "alpha_value": 0.046094292491674425, "duration": 97.39676523208618, "step": 81500}
{"episode_reward": 971.0, "episode": 164.0, "batch_reward": 0.473578125, "critic_loss": 42.46329482460022, "actor_loss": -77.3230983581543, "alpha_loss": 0.0008796356471721083, "alpha_value": 0.0459571101218462, "duration": 100.04372191429138, "step": 82000}
{"episode_reward": 421.0, "episode": 165.0, "batch_reward": 0.477859375, "critic_loss": 55.41757408332825, "actor_loss": -77.90468856811523, "alpha_loss": -0.009058010647073388, "alpha_value": 0.04648534581065178, "duration": 100.18777298927307, "step": 82500}
{"episode_reward": 1000.0, "episode": 166.0, "batch_reward": 0.479484375, "critic_loss": 36.43525789642334, "actor_loss": -79.3796211090088, "alpha_loss": -0.005054672067286447, "alpha_value": 0.04706697991490364, "duration": 94.866530418396, "step": 83000}
{"episode_reward": 736.0, "episode": 167.0, "batch_reward": 0.482390625, "critic_loss": 44.953502870559696, "actor_loss": -78.7368232269287, "alpha_loss": -0.0033286003025714307, "alpha_value": 0.0475493633300066, "duration": 92.85944294929504, "step": 83500}
{"episode_reward": 0.0, "episode": 168.0, "batch_reward": 0.474453125, "critic_loss": 35.729900604248044, "actor_loss": -78.47673466491699, "alpha_loss": -0.0012558515891432762, "alpha_value": 0.04773014734685421, "duration": 95.66521334648132, "step": 84000}
{"episode_reward": 0.0, "episode": 169.0, "batch_reward": 0.48465625, "critic_loss": 37.635229026794434, "actor_loss": -78.77279016113282, "alpha_loss": -0.006063005828065798, "alpha_value": 0.04811730526387691, "duration": 95.35849356651306, "step": 84500}
{"episode_reward": 0.0, "episode": 170.0, "batch_reward": 0.4795, "critic_loss": 37.48056599617004, "actor_loss": -78.55300466918945, "alpha_loss": -0.002061835036147386, "alpha_value": 0.04864675235748291, "duration": 95.3286280632019, "step": 85000}
{"episode_reward": 809.0, "episode": 171.0, "batch_reward": 0.490421875, "critic_loss": 39.524058137893675, "actor_loss": -78.49808876037598, "alpha_loss": 0.0008496034475974738, "alpha_value": 0.0485707333534956, "duration": 92.50547361373901, "step": 85500}
{"episode_reward": 938.0, "episode": 172.0, "batch_reward": 0.48946875, "critic_loss": 39.36051078987121, "actor_loss": -78.40456353759765, "alpha_loss": 0.0029897574158385394, "alpha_value": 0.04839865611493587, "duration": 105.38953304290771, "step": 86000}
{"episode_reward": 33.0, "episode": 173.0, "batch_reward": 0.4929375, "critic_loss": 41.39978602027893, "actor_loss": -77.9482953491211, "alpha_loss": 0.000206261629704386, "alpha_value": 0.048271257773041726, "duration": 104.97404789924622, "step": 86500}
{"episode_reward": 910.0, "episode": 174.0, "batch_reward": 0.495046875, "critic_loss": 42.344538316726684, "actor_loss": -78.72070831298828, "alpha_loss": -5.5002268869429826e-05, "alpha_value": 0.048129577219486235, "duration": 104.90185523033142, "step": 87000}
{"episode_reward": 0.0, "episode": 175.0, "batch_reward": 0.493046875, "critic_loss": 40.67107169342041, "actor_loss": -78.2977276916504, "alpha_loss": -0.007349926727823913, "alpha_value": 0.04854714642465115, "duration": 97.93634510040283, "step": 87500}
{"episode_reward": 0.0, "episode": 176.0, "batch_reward": 0.49071875, "critic_loss": 41.290016979217526, "actor_loss": -77.75451736450195, "alpha_loss": -0.005423205871134996, "alpha_value": 0.04918614868819714, "duration": 97.3929328918457, "step": 88000}
{"episode_reward": 0.0, "episode": 177.0, "batch_reward": 0.488265625, "critic_loss": 40.248020750045775, "actor_loss": -78.30730316162109, "alpha_loss": -0.006473322756122798, "alpha_value": 0.04991352915763855, "duration": 100.92088079452515, "step": 88500}
{"episode_reward": 0.0, "episode": 178.0, "batch_reward": 0.490453125, "critic_loss": 36.69361500930786, "actor_loss": -77.63705044555664, "alpha_loss": -0.005057084936182946, "alpha_value": 0.050477414265275, "duration": 107.32492184638977, "step": 89000}
{"episode_reward": 0.0, "episode": 179.0, "batch_reward": 0.486359375, "critic_loss": 39.92131454658508, "actor_loss": -78.1296294708252, "alpha_loss": -0.0032317633228376506, "alpha_value": 0.050758432388305665, "duration": 107.60745191574097, "step": 89500}
{"episode_reward": 1000.0, "episode": 180.0, "batch_reward": 0.4925, "critic_loss": 39.36526177597046, "actor_loss": -78.68533874511719, "alpha_loss": 0.0030175684387795626, "alpha_value": 0.050870710387825965, "duration": 103.22497773170471, "step": 90000}
{"episode_reward": 0.0, "episode": 181.0, "batch_reward": 0.494765625, "critic_loss": 47.84694759559631, "actor_loss": -79.5335532989502, "alpha_loss": 0.0015952464900910854, "alpha_value": 0.05056440106034279, "duration": 98.93197965621948, "step": 90500}
{"episode_reward": 0.0, "episode": 182.0, "batch_reward": 0.48915625, "critic_loss": 36.3224466381073, "actor_loss": -79.73138659667968, "alpha_loss": -0.00057373131881468, "alpha_value": 0.050615202501416205, "duration": 91.60796594619751, "step": 91000}
{"episode_reward": 926.0, "episode": 183.0, "batch_reward": 0.501828125, "critic_loss": 40.11938392829895, "actor_loss": -80.84836447143554, "alpha_loss": 0.0034432138218544422, "alpha_value": 0.05041006214916706, "duration": 89.79069685935974, "step": 91500}
{"episode_reward": 1000.0, "episode": 184.0, "batch_reward": 0.501875, "critic_loss": 39.72489031600952, "actor_loss": -80.50199938964843, "alpha_loss": 0.0015313447057269513, "alpha_value": 0.05010864908993244, "duration": 89.25900435447693, "step": 92000}
{"episode_reward": 0.0, "episode": 185.0, "batch_reward": 0.49490625, "critic_loss": 42.966679134368896, "actor_loss": -79.88895419311524, "alpha_loss": 2.2050886182114483e-05, "alpha_value": 0.04998556053638458, "duration": 92.4592399597168, "step": 92500}
{"episode_reward": 0.0, "episode": 186.0, "batch_reward": 0.490046875, "critic_loss": 55.14049557876587, "actor_loss": -80.00445957946778, "alpha_loss": -0.002271864136215299, "alpha_value": 0.05015900157392025, "duration": 94.57368731498718, "step": 93000}
{"episode_reward": 0.0, "episode": 187.0, "batch_reward": 0.499234375, "critic_loss": 40.39769346237183, "actor_loss": -79.88064514160156, "alpha_loss": 0.0018273213300853968, "alpha_value": 0.05012185382843017, "duration": 104.71699929237366, "step": 93500}
{"episode_reward": 91.0, "episode": 188.0, "batch_reward": 0.492046875, "critic_loss": 39.70254715538025, "actor_loss": -79.3567454071045, "alpha_loss": -0.0029485526890493927, "alpha_value": 0.05032158227264881, "duration": 114.4886965751648, "step": 94000}
{"episode_reward": 0.0, "episode": 189.0, "batch_reward": 0.49340625, "critic_loss": 35.05552695083618, "actor_loss": -79.93709397888183, "alpha_loss": -0.003490466617979109, "alpha_value": 0.050658566161990166, "duration": 95.60868501663208, "step": 94500}
{"episode_reward": 949.0, "episode": 190.0, "batch_reward": 0.496703125, "critic_loss": 34.79058884811401, "actor_loss": -80.63007656860351, "alpha_loss": 0.00023523847199976444, "alpha_value": 0.05069833602011204, "duration": 110.15960931777954, "step": 95000}
{"episode_reward": 0.0, "episode": 191.0, "batch_reward": 0.49609375, "critic_loss": 38.98894936943054, "actor_loss": -81.50068817138671, "alpha_loss": -0.0011132152490317823, "alpha_value": 0.05094128414988518, "duration": 98.46919012069702, "step": 95500}
{"episode_reward": 0.0, "episode": 192.0, "batch_reward": 0.49025, "critic_loss": 39.19362321281433, "actor_loss": -81.28703118896485, "alpha_loss": -0.000657777639105916, "alpha_value": 0.05097674378752708, "duration": 101.4538323879242, "step": 96000}
{"episode_reward": 0.0, "episode": 193.0, "batch_reward": 0.4909375, "critic_loss": 41.801050559997556, "actor_loss": -80.65214785766601, "alpha_loss": -0.0013355886968784035, "alpha_value": 0.05093948455154896, "duration": 87.88719940185547, "step": 96500}
{"episode_reward": 637.0, "episode": 194.0, "batch_reward": 0.499625, "critic_loss": 41.97425737762451, "actor_loss": -81.91913836669922, "alpha_loss": -0.004407786041032523, "alpha_value": 0.051265713170170785, "duration": 92.47138738632202, "step": 97000}
{"episode_reward": 1000.0, "episode": 195.0, "batch_reward": 0.502484375, "critic_loss": 43.028495748519894, "actor_loss": -82.42645123291015, "alpha_loss": -0.004795341838151217, "alpha_value": 0.05175131249427795, "duration": 113.08492612838745, "step": 97500}
{"episode_reward": 0.0, "episode": 196.0, "batch_reward": 0.49665625, "critic_loss": 41.12518714904785, "actor_loss": -82.19041220092774, "alpha_loss": -0.004995333396829665, "alpha_value": 0.05214220242202282, "duration": 111.5834481716156, "step": 98000}
{"episode_reward": 0.0, "episode": 197.0, "batch_reward": 0.497484375, "critic_loss": 46.85076080513001, "actor_loss": -83.26211370849609, "alpha_loss": -0.004900248531717807, "alpha_value": 0.052727387174963954, "duration": 108.2169041633606, "step": 98500}
{"episode_reward": 0.0, "episode": 198.0, "batch_reward": 0.4915625, "critic_loss": 36.347799171447754, "actor_loss": -82.1170735168457, "alpha_loss": -0.00190268858615309, "alpha_value": 0.05309250447154045, "duration": 84.0850625038147, "step": 99000}
{"episode_reward": 136.0, "episode": 199.0, "batch_reward": 0.498078125, "critic_loss": 33.6849416885376, "actor_loss": -83.01473843383789, "alpha_loss": -0.0015798160685226322, "alpha_value": 0.05324942544102669, "duration": 75.18960213661194, "step": 99500}
{"episode_reward": 975.0, "episode": 200.0, "batch_reward": 0.4998125, "critic_loss": 36.60810799598694, "actor_loss": -82.70990542602539, "alpha_loss": -0.0075004807910881936, "alpha_value": 0.05381484189629555, "duration": 80.17331337928772, "step": 100000}
{"episode_reward": 917.0, "episode": 201.0, "batch_reward": 0.50440625, "critic_loss": 42.767354619979855, "actor_loss": -82.93622262573243, "alpha_loss": -0.003898875553160906, "alpha_value": 0.05432301564514637, "duration": 553.7476634979248, "step": 100500}
{"episode_reward": 112.0, "episode": 202.0, "batch_reward": 0.503390625, "critic_loss": 43.46891588973999, "actor_loss": -82.96356109619141, "alpha_loss": -0.007443109592422843, "alpha_value": 0.05491709178686142, "duration": 160.35199284553528, "step": 101000}
{"episode_reward": 146.0, "episode": 203.0, "batch_reward": 0.504234375, "critic_loss": 39.891266004562375, "actor_loss": -83.72120703125, "alpha_loss": -0.005062814229167998, "alpha_value": 0.05556459151208401, "duration": 105.71454095840454, "step": 101500}
{"episode_reward": 952.0, "episode": 204.0, "batch_reward": 0.518078125, "critic_loss": 43.935361183166506, "actor_loss": -84.269841796875, "alpha_loss": -0.0046653175172396005, "alpha_value": 0.056035225480794905, "duration": 82.35326504707336, "step": 102000}
{"episode_reward": 1000.0, "episode": 205.0, "batch_reward": 0.518265625, "critic_loss": 39.36067820167541, "actor_loss": -84.10694602966309, "alpha_loss": -0.005705260103102773, "alpha_value": 0.0565914927572012, "duration": 84.6158971786499, "step": 102500}
{"episode_reward": 277.0, "episode": 206.0, "batch_reward": 0.522265625, "critic_loss": 37.6642996635437, "actor_loss": -84.58571655273437, "alpha_loss": -0.003487838267814368, "alpha_value": 0.05695994471013546, "duration": 137.8766369819641, "step": 103000}
{"episode_reward": 991.0, "episode": 207.0, "batch_reward": 0.52746875, "critic_loss": 41.376625164031985, "actor_loss": -84.67576434326172, "alpha_loss": -0.004263767313677818, "alpha_value": 0.057469024151563644, "duration": 182.78780269622803, "step": 103500}
{"episode_reward": 984.0, "episode": 208.0, "batch_reward": 0.528109375, "critic_loss": 38.33097457885742, "actor_loss": -83.60797259521485, "alpha_loss": -0.004897070725914091, "alpha_value": 0.0578711933940649, "duration": 161.35616064071655, "step": 104000}
{"episode_reward": 0.0, "episode": 209.0, "batch_reward": 0.533171875, "critic_loss": 39.6280730381012, "actor_loss": -83.93523797607422, "alpha_loss": -0.0004205657737329602, "alpha_value": 0.0582227351218462, "duration": 152.05770301818848, "step": 104500}
